<html>
<body>
<pre>
<h1>Vision Build Log</h1>
<h2>Tool Versions:</h2>
IDE-Version: μVision V5.29.0.0
Copyright (C) 2019 ARM Ltd and ARM Germany GmbH. All rights reserved.
License Information: 1 1, 1, LIC=WHYH9-4RNWU-01VP1-CE2QB-HTE5L-UX3CF
 
Tool Versions:
Toolchain:       MDK-ARM Plus  Version: 5.29.0.0
Toolchain Path:  C:\Keil_v5\ARM\ARMCC\Bin
C Compiler:      Armcc.exe V5.06 update 6 (build 750)
Assembler:       Armasm.exe V5.06 update 6 (build 750)
Linker/Locator:  ArmLink.exe V5.06 update 6 (build 750)
Library Manager: ArmAr.exe V5.06 update 6 (build 750)
Hex Converter:   FromElf.exe V5.06 update 6 (build 750)
CPU DLL:         SARMCM3.DLL V5.29.0.0
Dialog DLL:      DCM.DLL V1.17.3.0
Target DLL:      STLink\ST-LINKIII-KEIL_SWO.dll V3.0.7.0
Dialog DLL:      TCM.DLL V1.36.5.0
 
<h2>Project:</h2>
C:\Github\dwLaser_Application\MCU_Application\MDK-ARM\STM32F413.uvprojx
Project File Date:  05/14/2020

<h2>Output:</h2>
*** Using Compiler 'V5.06 update 6 (build 750)', folder: 'C:\Keil_v5\ARM\ARMCC\Bin'
Build target 'STM32F413'
compiling sPlcFun.c...
..\sPlc\sPlcFun.h(8): error:  #101: "SET" has already been declared in the current scope
  void SET(uint16_t A);//线圈置位
..\sPlc\sPlcFun.c(41): error:  #20: identifier "TRUE" is undefined
  		return TRUE;
..\sPlc\sPlcFun.c(43): error:  #20: identifier "FALSE" is undefined
  		return FALSE;
..\sPlc\sPlcFun.c(52): error:  #20: identifier "FALSE" is undefined
  		return FALSE;
..\sPlc\sPlcFun.c(54): error:  #20: identifier "TRUE" is undefined
  		return TRUE;
..\sPlc\sPlcFun.c(64): error:  #20: identifier "TRUE" is undefined
  		return TRUE;
..\sPlc\sPlcFun.c(66): error:  #20: identifier "FALSE" is undefined
  		return FALSE;
..\sPlc\sPlcFun.c(76): error:  #20: identifier "TRUE" is undefined
  		return TRUE;
..\sPlc\sPlcFun.c(78): error:  #20: identifier "FALSE" is undefined
  		return FALSE;
..\sPlc\sPlcFun.c(153): error:  #20: identifier "fp32_t" is undefined
  	fp32_t ftemp;
..\sPlc\sPlcFun.c(164): warning:  #223-D: function "log" declared implicitly
  	ftemp = ((1.0 / CONFIG_NTC_B) * log((fp32_t)(temp) / 10000)) + (1 / (CONFIG_ADC_AMBIENT + 273.0));//limo R25=10740,B=3450	 uniquemode 3988
..\sPlc\sPlcFun.c(164): error:  #20: identifier "fp32_t" is undefined
  	ftemp = ((1.0 / CONFIG_NTC_B) * log((fp32_t)(temp) / 10000)) + (1 / (CONFIG_ADC_AMBIENT + 273.0));//limo R25=10740,B=3450	 uniquemode 3988
..\sPlc\sPlcFun.c(173): error:  #20: identifier "fp32_t" is undefined
  	temp = (int16_t)(((fp32_t)temp - CONFIG_ADC_TEMP_SENSOR_OFFSET) / CONFIG_ADC_TEMP_SENSOR_SLOPE * 10);
..\sPlc\sPlcFun.c(173): error:  #18: expected a ")"
  	temp = (int16_t)(((fp32_t)temp - CONFIG_ADC_TEMP_SENSOR_OFFSET) / CONFIG_ADC_TEMP_SENSOR_SLOPE * 10);
..\sPlc\sPlcFun.c(180): error:  #20: identifier "SHRT_MAX" is undefined
  	if(NVRAM0[Sa] < SHRT_MAX){
..\sPlc\sPlcFun.c(188): error:  #20: identifier "SHRT_MIN" is undefined
  	if(NVRAM0[Sa] > SHRT_MIN){
..\sPlc\sPlcFun.c(206): error:  #20: identifier "LONG_MAX" is undefined
  	if(temp < LONG_MAX){
..\sPlc\sPlcFun.c(226): error:  #20: identifier "LONG_MAX" is undefined
  	if(temp < LONG_MAX){
..\sPlc\sPlcFun.c(238): error:  #20: identifier "SHRT_MAX" is undefined
  	if(tmp >= SHRT_MAX)
..\sPlc\sPlcFun.c(240): error:  #20: identifier "SHRT_MIN" is undefined
  	if(tmp <= SHRT_MIN)
..\sPlc\sPlcFun.c(260): error:  #20: identifier "fp64_t" is undefined
  	fp64_t fD;
..\sPlc\sPlcFun.c(269): error:  #20: identifier "fp64_t" is undefined
  	fD = (fp64_t)tmpSa + (fp64_t)tmpSb;
..\sPlc\sPlcFun.c(269): error:  #65: expected a ";"
  	fD = (fp64_t)tmpSa + (fp64_t)tmpSb;
..\sPlc\sPlcFun.c(270): error:  #20: identifier "LONG_MAX" is undefined
  	if(fD >= LONG_MAX){
..\sPlc\sPlcFun.c(273): error:  #20: identifier "LONG_MIN" is undefined
  	if(fD <= LONG_MIN){
..\sPlc\sPlcFun.c(283): error:  #20: identifier "fp64_t" is undefined
  	fp64_t fD;
..\sPlc\sPlcFun.c(288): error:  #20: identifier "fp64_t" is undefined
  	fD = (fp64_t)tmpSa + (fp64_t)NVRAM0[Sb];
..\sPlc\sPlcFun.c(288): error:  #65: expected a ";"
  	fD = (fp64_t)tmpSa + (fp64_t)NVRAM0[Sb];
..\sPlc\sPlcFun.c(289): error:  #20: identifier "LONG_MAX" is undefined
  	if(fD >= LONG_MAX){
..\sPlc\sPlcFun.c(292): error:  #20: identifier "LONG_MIN" is undefined
  	if(fD <= LONG_MIN){
..\sPlc\sPlcFun.c(305): error:  #20: identifier "SHRT_MAX" is undefined
  	if(tmp >= SHRT_MAX)
..\sPlc\sPlcFun.c: 1 warning, 30 errors
compiling sPlc.c...
..\sPlc\sPlcFun.h(8): error:  #101: "SET" has already been declared in the current scope
  void SET(uint16_t A);//线圈置位
..\sPlc\sPlc.c(54): warning:  #223-D: function "epromRead" declared implicitly
  	epromRead(CONFIG_EPROM_NVRAM_START, (uint8_t*)NVRAM0, (CONFIG_NVRAM_SIZE * 2));//从EPROM中恢复MR
..\sPlc\sPlc.c(60): warning:  #223-D: function "memcpy" declared implicitly
  	memcpy((uint8_t*)NVRAM1, (uint8_t*)NVRAM0, (CONFIG_NVRAM_SIZE * 2));
..\sPlc\sPlc.c(64): warning:  #223-D: function "epromRead" declared implicitly
  	epromRead(CONFIG_EPROM_FDRAM_START, (uint8_t*)FDRAM, (CONFIG_FDRAM_SIZE * 2));//从EPROM中恢复MR
..\sPlc\sPlc.c(70): warning:  #223-D: function "epromWrite" declared implicitly
  	epromWrite(CONFIG_EPROM_FDRAM_START, (uint8_t*)FDRAM, (CONFIG_FDRAM_SIZE * 2));
..\sPlc\sPlc.c(76): warning:  #223-D: function "epromWrite" declared implicitly
  	epromWrite(CONFIG_EPROM_NVRAM_START, (uint8_t*)NVRAM0, ((MR_END + 1) * 2));
..\sPlc\sPlc.c(89): warning:  #223-D: function "epromWriteOneByte" declared implicitly
  			epromWriteOneByte(i, *sp0);
..\sPlc\sPlc.c(95): warning:  #223-D: function "memcpy" declared implicitly
  	memcpy((uint8_t*)(NVRAM1), (uint8_t*)(NVRAM0), (CONFIG_NVRAM_SIZE * 2));//更新NVRAM1 非保持寄存器
..\sPlc\sPlc.c(103): warning:  #223-D: function "epromWriteOneByte" declared implicitly
  		epromWriteOneByte(i, 0x0);
..\sPlc\sPlc.c(107): warning:  #223-D: function "memset" declared implicitly
  	memset(FDRAM, 0x0, (CONFIG_FDRAM_SIZE * 2));//初始化FDRAM
..\sPlc\sPlc.c(116): warning:  #223-D: function "epromWriteOneByte" declared implicitly
  		epromWriteOneByte(i, 0x0);
..\sPlc\sPlc.c(119): warning:  #223-D: function "memset" declared implicitly
  	memset((uint8_t*)NVRAM0, 0x0, (CONFIG_NVRAM_SIZE * 2));//初始化NVRAM0
..\sPlc\sPlc.c(128): warning:  #223-D: function "epromWriteOneByte" declared implicitly
  		epromWriteOneByte(i, 0x0);
..\sPlc\sPlc.c(131): warning:  #223-D: function "epromWriteOneByte" declared implicitly
  	epromWriteOneByte((CONFIG_EPROM_SIZE - 4), 0x55);
..\sPlc\sPlc.c(146): warning:  #223-D: function "epromRead" declared implicitly
  	epromRead((CONFIG_EPROM_SIZE - 4), checkCode, 4);//从EPROM中恢复MR
..\sPlc\sPlc.c(152): warning:  #223-D: function "epromWriteOneByte" declared implicitly
  			epromWriteOneByte(i, 0x0);
..\sPlc\sPlc.c(154): warning:  #223-D: function "epromWriteOneByte" declared implicitly
  		epromWriteOneByte((CONFIG_EPROM_SIZE - 4), 0x55);
..\sPlc\sPlc.c(168): error:  #20: identifier "SHRT_MAX" is undefined
  			NVRAM0[SPREG_SPWM_COUNTER_0] = SHRT_MAX;
..\sPlc\sPlc.c(186): error:  #20: identifier "SHRT_MAX" is undefined
  			NVRAM0[SPREG_SPWM_COUNTER_1] = SHRT_MAX;
..\sPlc\sPlc.c(204): error:  #20: identifier "SHRT_MAX" is undefined
  			NVRAM0[SPREG_SPWM_COUNTER_2] = SHRT_MAX;
..\sPlc\sPlc.c(222): error:  #20: identifier "SHRT_MAX" is undefined
  			NVRAM0[SPREG_SPWM_COUNTER_3] = SHRT_MAX;
..\sPlc\sPlc.c(244): warning:  #223-D: function "CLDAC" declared implicitly
  	CLDAC();
..\sPlc\sPlc.c(253): warning:  #223-D: function "initSplcTimer" declared implicitly
  	initSplcTimer();//初始化硬件计时器模块
..\sPlc\sPlc.c(256): warning:  #223-D: function "inputInit" declared implicitly
  	inputInit();
..\sPlc\sPlc.c(258): warning:  #223-D: function "outputInit" declared implicitly
  	outputInit();
..\sPlc\sPlc.c(260): warning:  #223-D: function "initUart0" declared implicitly
  	initUart0(CONFIG_UART1_BAUDRATE);//UART1初始化	
..\sPlc\sPlc.c(266): warning:  #223-D: function "initChipDac" declared implicitly
  	initChipDac();//初始化DAC模块
..\sPlc\sPlc.c(268): warning:  #223-D: function "initChipAdc" declared implicitly
  	initChipAdc();//初始化ADC模块
..\sPlc\sPlc.c(270): warning:  #223-D: function "sPlcPcaInit" declared implicitly
  	sPlcPcaInit();
..\sPlc\sPlc.c(272): warning:  #223-D: function "sPlcLaserInit" declared implicitly
  	sPlcLaserInit();
..\sPlc\sPlc.c(301): warning:  #223-D: function "setLedRun" declared implicitly
  		setLedRun(true);
..\sPlc\sPlc.c(301): error:  #20: identifier "true" is undefined
  		setLedRun(true);
..\sPlc\sPlc.c(304): warning:  #223-D: function "setLedRun" declared implicitly
  		setLedRun(false);
..\sPlc\sPlc.c(304): error:  #20: identifier "false" is undefined
  		setLedRun(false);
..\sPlc\sPlc.c(324): warning:  #223-D: function "inputRefresh" declared implicitly
  	inputRefresh();//读取X口输入
..\sPlc\sPlc.c(339): warning:  #223-D: function "sPlcBeemLoop" declared implicitly
  		sPlcBeemLoop();	
..\sPlc\sPlc.c(340): warning:  #223-D: function "sPlcAimLoop" declared implicitly
  		sPlcAimLoop();
..\sPlc\sPlc.c(344): warning:  #223-D: function "outputRefresh" declared implicitly
  	outputRefresh();//更新Y口输出
..\sPlc\sPlc.c(354): warning:  #1-D: last line of file ends without a newline
  }
..\sPlc\sPlc.c: 32 warnings, 7 errors
compiling MainApp.c...
"STM32F413\STM32F413.axf" - 37 Error(s), 33 Warning(s).

<h2>Software Packages used:</h2>

Package Vendor: ARM
                http://www.keil.com/pack/ARM.CMSIS.5.6.0.pack
                ARM.CMSIS.5.6.0
                CMSIS (Cortex Microcontroller Software Interface Standard)
   * Component: CORE Version: 5.3.0

Package Vendor: Keil
                http://www.keil.com/pack/Keil.STM32F4xx_DFP.2.14.0.pack
                Keil.STM32F4xx_DFP.2.14.0
                STMicroelectronics STM32F4 Series Device Support, Drivers and Examples

<h2>Collection of Component include folders:</h2>
  .\RTE\_STM32F413
  C:\Users\linqi\AppData\Local\Arm\Packs\ARM\CMSIS\5.6.0\CMSIS\Core\Include
  C:\Users\linqi\AppData\Local\Arm\Packs\Keil\STM32F4xx_DFP\2.14.0\Drivers\CMSIS\Device\ST\STM32F4xx\Include

<h2>Collection of Component Files used:</h2>

   * Component: ARM::CMSIS:CORE:5.3.0
Target not created.
Build Time Elapsed:  00:00:03
</pre>
</body>
</html>
